<?xml version="1.0" encoding="UTF-8"?>
<beans xmlns="http://www.springframework.org/schema/beans"
 xmlns:xsi="http://www.w3.org/2001/XMLSchema-instance"
    xmlns:security="http://www.springframework.org/schema/security"
 xsi:schemaLocation="http://www.springframework.org/schema/beans 
      http://www.springframework.org/schema/beans/spring-beans-3.0.xsd
   http://www.springframework.org/schema/security 
   http://www.springframework.org/schema/security/spring-security-3.0.xsd">
  
 <!-- Use an embedded LDAP server. We need to declare the location of the LDIF file
   We also need to customize the root attribute default is "dc=springframework,dc=org"  -->
 <security:ldap-server ldif="classpath:simpsons.ldif" root="dc=test,dc=alfresco,dc=redpill,dc=org"/>
  
</beans>